<?xml version="1.0" encoding="UTF-8"?>
<!-- Generated by org.testng.reporters.JUnitReportReporter -->
<testsuite skipped="0" hostname="BALAJI-PC" name="com.testng.concepts.DataProviderTest" tests="3" failures="0" timestamp="2020-05-16T08:59:27 IST" time="0.015" errors="0">
  <testcase name="login" time="0.015" classname="com.testng.concepts.DataProviderTest"/>
  <system-out/>
  <testcase name="login" time="0.000" classname="com.testng.concepts.DataProviderTest"/>
  <system-out/>
  <testcase name="login" time="0.000" classname="com.testng.concepts.DataProviderTest"/>
  <system-out/>
</testsuite> <!-- com.testng.concepts.DataProviderTest -->
