<?xml version="1.0" encoding="UTF-8"?>
<!-- Generated by org.testng.reporters.JUnitReportReporter -->
<testsuite skipped="0" hostname="BALAJI-PC" name="com.testng.concepts.ParallelTest" tests="2" failures="0" timestamp="2020-05-16T09:09:29 IST" time="52.515" errors="0">
  <testcase name="flipkartTest" time="16.983" classname="com.testng.concepts.ParallelTest"/>
  <system-out/>
  <testcase name="amazonTest" time="35.532" classname="com.testng.concepts.ParallelTest"/>
  <system-out/>
</testsuite> <!-- com.testng.concepts.ParallelTest -->
