<?xml version="1.0" encoding="UTF-8"?>
<!-- Generated by org.testng.reporters.JUnitReportReporter -->
<testsuite skipped="0" hostname="BALAJI-PC" name="com.testng.concepts.InvocationTest" tests="12" failures="0" timestamp="2020-05-16T08:59:27 IST" time="0.096" errors="0">
  <testcase name="signIn" time="0.000" classname="com.testng.concepts.InvocationTest"/>
  <system-out/>
  <testcase name="browserLaunch" time="0.009" classname="com.testng.concepts.InvocationTest"/>
  <system-out/>
  <testcase name="browserLaunch" time="0.056" classname="com.testng.concepts.InvocationTest"/>
  <system-out/>
  <testcase name="signIn" time="0.000" classname="com.testng.concepts.InvocationTest"/>
  <system-out/>
  <testcase name="mobileSearch" time="0.000" classname="com.testng.concepts.InvocationTest"/>
  <system-out/>
  <testcase name="browserLaunch" time="0.003" classname="com.testng.concepts.InvocationTest"/>
  <system-out/>
  <testcase name="signIn" time="0.016" classname="com.testng.concepts.InvocationTest"/>
  <system-out/>
  <testcase name="browserLaunch" time="0.003" classname="com.testng.concepts.InvocationTest"/>
  <system-out/>
  <testcase name="signIn" time="0.000" classname="com.testng.concepts.InvocationTest"/>
  <system-out/>
  <testcase name="enterUrl" time="0.004" classname="com.testng.concepts.InvocationTest"/>
  <system-out/>
  <testcase name="browserLaunch" time="0.005" classname="com.testng.concepts.InvocationTest"/>
  <system-out/>
  <testcase name="signIn" time="0.000" classname="com.testng.concepts.InvocationTest"/>
  <system-out/>
</testsuite> <!-- com.testng.concepts.InvocationTest -->
