<?xml version="1.0" encoding="UTF-8"?>
<!-- Generated by org.testng.reporters.JUnitReportReporter -->
<testsuite skipped="0" hostname="BALAJI-PC" name="com.testng.concepts.GroupTest" tests="7" failures="0" timestamp="2020-05-16T08:59:27 IST" time="0.016" errors="0">
  <testcase name="SeleniumTest2" time="0.000" classname="com.testng.concepts.GroupTest"/>
  <system-out/>
  <testcase name="SeleniumTest1" time="0.000" classname="com.testng.concepts.GroupTest"/>
  <system-out/>
  <testcase name="APITest1" time="0.000" classname="com.testng.concepts.GroupTest"/>
  <system-out/>
  <testcase name="SeleniumTest3" time="0.016" classname="com.testng.concepts.GroupTest"/>
  <system-out/>
  <testcase name="ApiumTest1" time="0.000" classname="com.testng.concepts.GroupTest"/>
  <system-out/>
  <testcase name="ApiumTest2" time="0.000" classname="com.testng.concepts.GroupTest"/>
  <system-out/>
  <testcase name="APITest2" time="0.000" classname="com.testng.concepts.GroupTest"/>
  <system-out/>
</testsuite> <!-- com.testng.concepts.GroupTest -->
