<?xml version="1.0" encoding="UTF-8"?>
<!-- Generated by org.testng.reporters.JUnitReportReporter -->
<testsuite skipped="0" hostname="BALAJI-PC" name="com.testng.concepts.DependencyTest" tests="4" failures="0" timestamp="2020-05-16T08:59:27 IST" time="0.028" errors="0">
  <testcase name="signIn" time="0.000" classname="com.testng.concepts.DependencyTest"/>
  <system-out/>
  <testcase name="enterUrl" time="0.008" classname="com.testng.concepts.DependencyTest"/>
  <system-out/>
  <testcase name="mobileSearch" time="0.016" classname="com.testng.concepts.DependencyTest"/>
  <system-out/>
  <testcase name="browserLaunch" time="0.004" classname="com.testng.concepts.DependencyTest"/>
  <system-out/>
</testsuite> <!-- com.testng.concepts.DependencyTest -->
