<?xml version="1.0" encoding="UTF-8"?>
<!-- Generated by org.testng.reporters.JUnitReportReporter -->
<testsuite skipped="2" hostname="BALAJI-PC" name="com.testng.concepts.IgnoreTest$Annotations" tests="9" failures="0" timestamp="2020-05-11T11:49:07 IST" time="0.069" errors="0">
  <testcase name="browserLaunch" time="0.005" classname="com.testng.concepts.IgnoreTest$Annotations"/>
  <system-out/>
  <testcase name="signIn" time="0.006" classname="com.testng.concepts.IgnoreTest$Annotations"/>
  <system-out/>
  <testcase name="logOut" time="0.008" classname="com.testng.concepts.IgnoreTest$Annotations"/>
  <system-out/>
  <testcase name="deleteCookies" time="0.005" classname="com.testng.concepts.IgnoreTest$Annotations"/>
  <system-out/>
  <testcase name="browserClose" time="0.034" classname="com.testng.concepts.IgnoreTest$Annotations"/>
  <system-out/>
  <testcase name="mobileSearch" time="0.005" classname="com.testng.concepts.IgnoreTest$Annotations"/>
  <system-out/>
  <testcase name="setup" time="0.006" classname="com.testng.concepts.IgnoreTest$Annotations"/>
  <system-out/>
  <testcase name="enterUrl" classname="com.testng.concepts.IgnoreTest$Annotations">
    <skipped/>
  </testcase> <!-- enterUrl -->
  <system-out/>
  <testcase name="verifyHomepage" classname="com.testng.concepts.IgnoreTest$Annotations">
    <skipped/>
  </testcase> <!-- verifyHomepage -->
  <system-out/>
</testsuite> <!-- com.testng.concepts.IgnoreTest$Annotations -->
