<?xml version="1.0" encoding="UTF-8"?>
<!-- Generated by org.testng.reporters.JUnitReportReporter -->
<testsuite skipped="0" hostname="BALAJI-PC" name="com.testng.concepts.Annotations" tests="1" failures="0" timestamp="2020-05-16T08:59:26 IST" time="0.000" errors="0">
  <testcase name="mobileSearch" time="0.000" classname="com.testng.concepts.Annotations"/>
  <system-out/>
</testsuite> <!-- com.testng.concepts.Annotations -->
