<?xml version="1.0" encoding="UTF-8"?>
<!-- Generated by org.testng.reporters.JUnitReportReporter -->
<testsuite skipped="0" hostname="BALAJI-PC" name="com.testng.concepts.IgnoreTest" tests="4" failures="0" timestamp="2020-05-16T08:59:26 IST" time="0.043" errors="0">
  <testcase name="setup" time="0.000" classname="com.testng.concepts.IgnoreTest"/>
  <system-out/>
  <testcase name="verifyHomepage" time="0.000" classname="com.testng.concepts.IgnoreTest"/>
  <system-out/>
  <testcase name="browserLaunch" time="0.016" classname="com.testng.concepts.IgnoreTest"/>
  <system-out/>
  <testcase name="browserClose" time="0.027" classname="com.testng.concepts.IgnoreTest"/>
  <system-out/>
</testsuite> <!-- com.testng.concepts.IgnoreTest -->
