<?xml version="1.0" encoding="UTF-8"?>
<!-- Generated by org.testng.reporters.JUnitReportReporter -->
<testsuite skipped="0" hostname="BALAJI-PC" name="com.testng.concepts.ExceptionTest" tests="1" failures="0" timestamp="2020-05-16T08:59:27 IST" time="0.009" errors="0">
  <testcase name="divide" time="0.009" classname="com.testng.concepts.ExceptionTest"/>
  <system-out/>
</testsuite> <!-- com.testng.concepts.ExceptionTest -->
