<?xml version="1.0" encoding="UTF-8"?>
<!-- Generated by org.testng.reporters.JUnitReportReporter -->
<testsuite skipped="0" hostname="BALAJI-PC" name="com.testng.concepts.PriorityTest" tests="9" failures="0" timestamp="2020-05-16T08:59:27 IST" time="0.091" errors="0">
  <testcase name="zsetup" time="0.031" classname="com.testng.concepts.PriorityTest"/>
  <system-out/>
  <testcase name="browserClose" time="0.004" classname="com.testng.concepts.PriorityTest"/>
  <system-out/>
  <testcase name="enterUrl" time="0.005" classname="com.testng.concepts.PriorityTest"/>
  <system-out/>
  <testcase name="signIn" time="0.000" classname="com.testng.concepts.PriorityTest"/>
  <system-out/>
  <testcase name="logOut" time="0.047" classname="com.testng.concepts.PriorityTest"/>
  <system-out/>
  <testcase name="browserLaunch" time="0.004" classname="com.testng.concepts.PriorityTest"/>
  <system-out/>
  <testcase name="mobileSearch" time="0.000" classname="com.testng.concepts.PriorityTest"/>
  <system-out/>
  <testcase name="verifyHomepage" time="0.000" classname="com.testng.concepts.PriorityTest"/>
  <system-out/>
  <testcase name="deleteCookies" time="0.000" classname="com.testng.concepts.PriorityTest"/>
  <system-out/>
</testsuite> <!-- com.testng.concepts.PriorityTest -->
